Determining if the pthread_create exist failed with the following output:
Change Dir: /home/fujii/libmikataarm/build/CMakeFiles/CMakeTmp

Run Build Command:"/usr/bin/make" "cmTC_ba808/fast"
/usr/bin/make -f CMakeFiles/cmTC_ba808.dir/build.make CMakeFiles/cmTC_ba808.dir/build
make[1]: ディレクトリ '/home/fujii/libmikataarm/build/CMakeFiles/CMakeTmp' に入ります
Building C object CMakeFiles/cmTC_ba808.dir/CheckSymbolExists.c.o
/usr/bin/cc   -fPIE   -o CMakeFiles/cmTC_ba808.dir/CheckSymbolExists.c.o   -c /home/fujii/libmikataarm/build/CMakeFiles/CMakeTmp/CheckSymbolExists.c
Linking C executable cmTC_ba808
/usr/bin/cmake -E cmake_link_script CMakeFiles/cmTC_ba808.dir/link.txt --verbose=1
/usr/bin/cc      -rdynamic CMakeFiles/cmTC_ba808.dir/CheckSymbolExists.c.o  -o cmTC_ba808 
CMakeFiles/cmTC_ba808.dir/CheckSymbolExists.c.o: 関数 `main' 内:
CheckSymbolExists.c:(.text+0x1b): `pthread_create' に対する定義されていない参照です
collect2: error: ld returned 1 exit status
CMakeFiles/cmTC_ba808.dir/build.make:97: recipe for target 'cmTC_ba808' failed
make[1]: *** [cmTC_ba808] Error 1
make[1]: ディレクトリ '/home/fujii/libmikataarm/build/CMakeFiles/CMakeTmp' から出ます
Makefile:126: recipe for target 'cmTC_ba808/fast' failed
make: *** [cmTC_ba808/fast] Error 2

File /home/fujii/libmikataarm/build/CMakeFiles/CMakeTmp/CheckSymbolExists.c:
/* */
#include <pthread.h>

int main(int argc, char** argv)
{
  (void)argv;
#ifndef pthread_create
  return ((int*)(&pthread_create))[argc];
#else
  (void)argc;
  return 0;
#endif
}

Determining if the function pthread_create exists in the pthreads failed with the following output:
Change Dir: /home/fujii/libmikataarm/build/CMakeFiles/CMakeTmp

Run Build Command:"/usr/bin/make" "cmTC_e87c8/fast"
/usr/bin/make -f CMakeFiles/cmTC_e87c8.dir/build.make CMakeFiles/cmTC_e87c8.dir/build
make[1]: ディレクトリ '/home/fujii/libmikataarm/build/CMakeFiles/CMakeTmp' に入ります
Building C object CMakeFiles/cmTC_e87c8.dir/CheckFunctionExists.c.o
/usr/bin/cc   -DCHECK_FUNCTION_EXISTS=pthread_create -fPIE   -o CMakeFiles/cmTC_e87c8.dir/CheckFunctionExists.c.o   -c /usr/share/cmake-3.10/Modules/CheckFunctionExists.c
Linking C executable cmTC_e87c8
/usr/bin/cmake -E cmake_link_script CMakeFiles/cmTC_e87c8.dir/link.txt --verbose=1
/usr/bin/cc  -DCHECK_FUNCTION_EXISTS=pthread_create    -rdynamic CMakeFiles/cmTC_e87c8.dir/CheckFunctionExists.c.o  -o cmTC_e87c8 -lpthreads 
/usr/bin/ld: -lpthreads が見つかりません
collect2: error: ld returned 1 exit status
CMakeFiles/cmTC_e87c8.dir/build.make:97: recipe for target 'cmTC_e87c8' failed
make[1]: *** [cmTC_e87c8] Error 1
make[1]: ディレクトリ '/home/fujii/libmikataarm/build/CMakeFiles/CMakeTmp' から出ます
Makefile:126: recipe for target 'cmTC_e87c8/fast' failed
make: *** [cmTC_e87c8/fast] Error 2


